

times in msec
 clock   self+sourced   self:  sourced script
 clock   elapsed:              other lines

000.013  000.013: --- NVIM STARTING ---
005.770  005.757: locale set
012.682  006.911: inits 1
012.708  000.027: window checked
016.032  003.324: parsing arguments
016.040  000.008: expanding arguments
017.169  001.129: inits 2
017.336  000.167: init highlight
019.815  000.680  000.680: sourcing /Users/paddy/.config/nvim/autoload/zvim/util.vim
020.634  000.442  000.442: sourcing /Users/paddy/.SpaceVim/config/functions.vim
021.511  000.491  000.491: sourcing /Users/paddy/.SpaceVim/config/init.vim
022.284  000.047  000.047: sourcing /Users/paddy/.config/nvim/autoload/SpaceVim/api.vim
023.155  000.144  000.144: sourcing /Users/paddy/.config/nvim/autoload/SpaceVim/api/system.vim
023.763  001.107  000.963: sourcing /Users/paddy/.config/nvim/autoload/SpaceVim/api/file.vim
024.589  002.741  001.586: sourcing /Users/paddy/.config/nvim/autoload/SpaceVim.vim
025.476  000.540  000.540: sourcing /Users/paddy/.config/nvim/autoload/SpaceVim/default.vim
028.025  000.435  000.435: sourcing /usr/local/Cellar/neovim/0.1.7/share/nvim/runtime/autoload/provider/pythonx.vim
110.699  000.498  000.498: sourcing /usr/local/Cellar/neovim/0.1.7/share/nvim/runtime/autoload/remote/host.vim
110.847  083.643  082.710: sourcing /usr/local/Cellar/neovim/0.1.7/share/nvim/runtime/autoload/provider/python3.vim
112.428  000.483  000.483: sourcing /Users/paddy/.config/nvim/autoload/SpaceVim/mapping.vim
114.231  000.340  000.340: sourcing /Users/paddy/.config/nvim/autoload/SpaceVim/commands.vim
114.595  000.032  000.032: sourcing /Users/paddy/.config/nvim/autoload/SpaceVim/util.vim
115.008  000.037  000.037: sourcing /Users/paddy/.SpaceVim.d/init.vim
115.884  000.586  000.586: sourcing /Users/paddy/.config/nvim/autoload/SpaceVim/mapping/leader.vim
117.678  000.826  000.826: sourcing /Users/paddy/.config/nvim/autoload/SpaceVim/mapping/guide.vim
122.103  000.077  000.077: sourcing /Users/paddy/.config/nvim/autoload/SpaceVim/plugins.vim
122.971  000.576  000.576: sourcing /Users/paddy/.config/nvim/autoload/zvim/plug.vim
126.128  002.753  002.753: sourcing /Users/paddy/.cache/vimfiles/repos/github.com/Shougo/dein.vim/autoload/dein.vim
127.960  001.348  001.348: sourcing /Users/paddy/.cache/vimfiles/repos/github.com/Shougo/dein.vim/autoload/dein/util.vim
128.705  000.090  000.090: sourcing /usr/local/Cellar/neovim/0.1.7/share/nvim/runtime/ftoff.vim
129.979  000.683  000.683: sourcing /Users/paddy/.cache/vimfiles/.cache/init.vim/.dein/autoload/dein/autoload.vim
131.745  000.829  000.829: sourcing /Users/paddy/.cache/vimfiles/.cache/init.vim/.dein/autoload/dein/types/git.vim
132.385  001.919  001.091: sourcing /Users/paddy/.cache/vimfiles/.cache/init.vim/.dein/autoload/dein/parse.vim
133.822  000.050  000.050: sourcing /Users/paddy/.config/nvim/autoload/SpaceVim/layers/lang.vim
149.899  000.050  000.050: sourcing /Users/paddy/.config/nvim/autoload/SpaceVim/layers/edit.vim
156.197  000.153  000.153: sourcing /Users/paddy/.config/nvim/autoload/SpaceVim/layers/ui.vim
163.507  000.212  000.212: sourcing /Users/paddy/.config/nvim/autoload/SpaceVim/layers/tools.vim
172.702  000.203  000.203: sourcing /Users/paddy/.SpaceVim/config/plugins_before/vim-bookmarks.vim
191.434  000.041  000.041: sourcing /Users/paddy/.config/nvim/autoload/SpaceVim/layers/checkers.vim
192.947  000.050  000.050: sourcing /Users/paddy/.SpaceVim/config/plugins_before/neomake.vim
193.162  000.021  000.021: sourcing /Users/paddy/.config/nvim/autoload/SpaceVim/layers/checkers.vim
193.676  000.064  000.064: sourcing /Users/paddy/.config/nvim/autoload/SpaceVim/layers/format.vim
195.077  000.018  000.018: sourcing /Users/paddy/.config/nvim/autoload/SpaceVim/layers/format.vim
195.552  000.039  000.039: sourcing /Users/paddy/.config/nvim/autoload/SpaceVim/layers/chat.vim
196.756  000.011  000.011: sourcing /Users/paddy/.config/nvim/autoload/SpaceVim/layers/chat.vim
197.286  000.081  000.081: sourcing /Users/paddy/.config/nvim/autoload/SpaceVim/layers/git.vim
203.192  000.187  000.187: sourcing /Users/paddy/.config/nvim/autoload/SpaceVim/layers/lang/go.vim
206.299  000.068  000.068: sourcing /Users/paddy/.config/nvim/autoload/SpaceVim/layers/lang/markdown.vim
211.169  000.047  000.047: sourcing /Users/paddy/.config/nvim/autoload/SpaceVim/layers/core.vim
213.512  000.085  000.085: sourcing /Users/paddy/.config/nvim/autoload/SpaceVim/layers/unite.vim
239.625  000.040  000.040: sourcing /Users/paddy/.SpaceVim/config/plugins_before/ctrlsf.vim
255.121  000.034  000.034: sourcing /Users/paddy/.SpaceVim/config/plugins_before/vimfiler.vim
255.615  000.028  000.028: sourcing /Users/paddy/.config/nvim/autoload/SpaceVim/layers/github.vim
258.053  000.039  000.039: sourcing /Users/paddy/.config/nvim/autoload/SpaceVim/layers/denite.vim
259.728  000.011  000.011: sourcing /Users/paddy/.config/nvim/autoload/SpaceVim/layers/denite.vim
260.222  000.059  000.059: sourcing /Users/paddy/.config/nvim/autoload/SpaceVim/layers/ctrlp.vim
270.793  000.023  000.023: sourcing /Users/paddy/.config/nvim/autoload/SpaceVim/layers/ctrlp.vim
271.296  000.081  000.081: sourcing /Users/paddy/.config/nvim/autoload/SpaceVim/layers/autocomplete.vim
280.564  000.398  000.398: sourcing /Users/paddy/.config/nvim/autoload/SpaceVim/layers/colorscheme.vim
294.635  000.083  000.083: sourcing /Users/paddy/.config/nvim/autoload/SpaceVim/layers/colorscheme.vim
302.139  000.126  000.126: sourcing /Users/paddy/.SpaceVim/config/plugins/vim-ref.vim
302.605  000.032  000.032: sourcing /Users/paddy/.SpaceVim/config/plugins/unite-radio.vim
303.803  000.123  000.123: sourcing /Users/paddy/.cache/vimfiles/repos/github.com/Shougo/denite.nvim/autoload/denite/custom.vim
304.969  000.549  000.549: sourcing /Users/paddy/.cache/vimfiles/repos/github.com/Shougo/denite.nvim/autoload/denite/util.vim
307.179  004.167  003.496: sourcing /Users/paddy/.SpaceVim/config/plugins/denite.vim
307.682  000.044  000.044: sourcing /Users/paddy/.SpaceVim/config/plugins/tagbar.vim
308.360  000.172  000.172: sourcing /Users/paddy/.SpaceVim/config/plugins/vim-startify.vim
308.824  000.086  000.086: sourcing /Users/paddy/.SpaceVim/config/plugins/unite-gtags.vim
309.918  000.137  000.137: sourcing /Users/paddy/.cache/vimfiles/repos/github.com/Shougo/vimfiler.vim/autoload/vimfiler/custom.vim
310.091  000.900  000.763: sourcing /Users/paddy/.SpaceVim/config/plugins/vimfiler.vim
310.613  000.086  000.086: sourcing /Users/paddy/.SpaceVim/config/plugins/neomake.vim
312.465  000.828  000.828: sourcing /Users/paddy/.cache/vimfiles/repos/github.com/Shougo/unite.vim/autoload/unite/custom.vim
313.149  000.137  000.137: sourcing /Users/paddy/.cache/vimfiles/repos/github.com/Shougo/unite.vim/autoload/unite/filters/matcher_default.vim
315.418  000.892  000.892: sourcing /Users/paddy/.cache/vimfiles/repos/github.com/Shougo/unite.vim/autoload/vital/unite.vim
317.076  000.825  000.825: sourcing /Users/paddy/.cache/vimfiles/repos/github.com/Shougo/unite.vim/autoload/vital/_unite/Prelude.vim
317.511  001.462  000.637: sourcing /Users/paddy/.cache/vimfiles/repos/github.com/Shougo/unite.vim/autoload/vital/_unite/Prelude.vim
318.594  004.875  002.522: sourcing /Users/paddy/.cache/vimfiles/repos/github.com/Shougo/unite.vim/autoload/unite/util.vim
319.217  000.125  000.125: sourcing /Users/paddy/.cache/vimfiles/repos/github.com/Shougo/unite.vim/autoload/unite/filters/sorter_default.vim
321.213  010.039  004.074: sourcing /Users/paddy/.SpaceVim/config/plugins/unite.vim
425.902  103.688  103.688: sourcing /usr/local/Cellar/neovim/0.1.7/share/nvim/runtime/autoload/provider/python.vim
426.135  104.525  000.837: sourcing /Users/paddy/.SpaceVim/config/plugins/ctrlp.vim
427.258  000.131  000.131: sourcing /Users/paddy/.config/nvim/autoload/SpaceVim/api/messletters.vim
428.829  002.126  001.996: sourcing /Users/paddy/.SpaceVim/config/plugins/vim-airline.vim
429.200  000.019  000.019: sourcing /Users/paddy/.SpaceVim/config/plugins/gruvbox.vim
437.118  007.157  007.157: sourcing /Users/paddy/.cache/vimfiles/.cache/init.vim/.dein/colors/gruvbox.vim
437.182  007.641  000.484: sourcing /Users/paddy/.SpaceVim/config/general.vim
437.795  000.296  000.296: sourcing /Users/paddy/.config/nvim/autoload/SpaceVim/autocmds.vim
438.429  000.129  000.129: sourcing /Users/paddy/.SpaceVim/config/neovim.vim
438.754  000.036  000.036: sourcing /Users/paddy/.SpaceVim/config/commands.vim
439.028  000.012  000.012: sourcing /Users/paddy/.config/nvim/filetype.vim
463.520  004.262  004.262: sourcing /Users/paddy/.cache/vimfiles/.cache/init.vim/.dein/ftdetect/ftdetect.vim
463.794  024.404  020.142: sourcing /usr/local/Cellar/neovim/0.1.7/share/nvim/runtime/filetype.vim
464.465  000.085  000.085: sourcing /usr/local/Cellar/neovim/0.1.7/share/nvim/runtime/ftplugin.vim
465.078  000.102  000.102: sourcing /usr/local/Cellar/neovim/0.1.7/share/nvim/runtime/indent.vim
467.462  000.399  000.399: sourcing /usr/local/Cellar/neovim/0.1.7/share/nvim/runtime/syntax/syncolor.vim
468.233  000.287  000.287: sourcing /usr/local/Cellar/neovim/0.1.7/share/nvim/runtime/syntax/syncolor.vim
474.761  008.451  007.765: sourcing /Users/paddy/.cache/vimfiles/.cache/init.vim/.dein/colors/gruvbox.vim
475.015  008.990  000.539: sourcing /usr/local/Cellar/neovim/0.1.7/share/nvim/runtime/syntax/synload.vim
475.118  009.674  000.684: sourcing /usr/local/Cellar/neovim/0.1.7/share/nvim/runtime/syntax/syntax.vim
475.150  456.397  191.230: sourcing /Users/paddy/.SpaceVim/config/main.vim
475.185  457.306  000.908: sourcing /Users/paddy/.config/nvim/init.vim
475.203  000.562: sourcing vimrc file(s)
478.079  000.928  000.928: sourcing /Users/paddy/.cache/vimfiles/repos/github.com/vim-airline/vim-airline/autoload/airline.vim
480.300  000.894  000.894: sourcing /Users/paddy/.cache/vimfiles/repos/github.com/vim-airline/vim-airline/autoload/airline/init.vim
482.289  000.389  000.389: sourcing /Users/paddy/.cache/vimfiles/repos/github.com/vim-airline/vim-airline/autoload/airline/parts.vim
483.301  006.880  004.669: sourcing /Users/paddy/.cache/vimfiles/repos/github.com/vim-airline/vim-airline/plugin/airline.vim
483.812  000.108  000.108: sourcing /Users/paddy/.cache/vimfiles/repos/github.com/Shougo/vimproc.vim/plugin/vimproc.vim
486.848  001.019  001.019: sourcing /Users/paddy/.cache/vimfiles/repos/github.com/Raimondi/delimitMate/autoload/delimitMate.vim
489.849  005.657  004.637: sourcing /Users/paddy/.cache/vimfiles/repos/github.com/Raimondi/delimitMate/plugin/delimitMate.vim
490.274  000.028  000.028: sourcing /Users/paddy/.cache/vimfiles/repos/github.com/vim-airline/vim-airline-themes/plugin/airline-themes.vim
491.045  000.250  000.250: sourcing /Users/paddy/.cache/vimfiles/repos/github.com/Shougo/unite.vim/plugin/unite/bookmark.vim
491.699  000.274  000.274: sourcing /Users/paddy/.cache/vimfiles/repos/github.com/Shougo/unite.vim/plugin/unite/buffer.vim
492.131  000.133  000.133: sourcing /Users/paddy/.cache/vimfiles/repos/github.com/Shougo/unite.vim/plugin/unite/window.vim
492.608  000.211  000.211: sourcing /Users/paddy/.cache/vimfiles/repos/github.com/Shougo/unite.vim/plugin/unite.vim
493.408  000.336  000.336: sourcing /Users/paddy/.cache/vimfiles/repos/github.com/neomake/neomake/plugin/neomake.vim
494.649  000.754  000.754: sourcing /Users/paddy/.cache/vimfiles/repos/github.com/Shougo/vimfiler.vim/plugin/vimfiler.vim
495.174  000.037  000.037: sourcing /Users/paddy/.cache/vimfiles/repos/github.com/sbdchd/neoformat/plugin/neoformat.vim
495.701  000.111  000.111: sourcing /Users/paddy/.cache/vimfiles/repos/github.com/Shougo/denite.nvim/plugin/denite.vim
502.743  006.621  006.621: sourcing /Users/paddy/.cache/vimfiles/repos/github.com/tpope/vim-fugitive/plugin/fugitive.vim
503.286  000.099  000.099: sourcing /Users/paddy/.cache/vimfiles/repos/github.com/lymslive/vimloo/plugin/micros.vim
503.719  000.101  000.101: sourcing /Users/paddy/.cache/vimfiles/repos/github.com/lymslive/vimloo/plugin/vimloo.vim
512.124  007.441  007.441: sourcing /Users/paddy/.cache/vimfiles/.cache/init.vim/.dein/plugin/NERD_commenter.vim
512.550  000.078  000.078: sourcing /Users/paddy/.cache/vimfiles/.cache/init.vim/.dein/plugin/automkdir.vim
513.125  000.200  000.200: sourcing /Users/paddy/.cache/vimfiles/.cache/init.vim/.dein/plugin/cscope.vim
514.929  000.690  000.690: sourcing /Users/paddy/.cache/vimfiles/.cache/init.vim/.dein/autoload/ctrlp/mrufiles.vim
515.285  001.788  001.098: sourcing /Users/paddy/.cache/vimfiles/.cache/init.vim/.dein/plugin/ctrlp.vim
517.144  000.917  000.917: sourcing /Users/paddy/.cache/vimfiles/repos/github.com/Shougo/unite.vim/autoload/unite.vim
517.266  001.621  000.703: sourcing /Users/paddy/.cache/vimfiles/.cache/init.vim/.dein/plugin/dwm.vim
517.749  000.100  000.100: sourcing /Users/paddy/.cache/vimfiles/.cache/init.vim/.dein/plugin/gist.vim
518.187  000.075  000.075: sourcing /Users/paddy/.cache/vimfiles/.cache/init.vim/.dein/plugin/github.vim
518.888  000.335  000.335: sourcing /Users/paddy/.cache/vimfiles/.cache/init.vim/.dein/plugin/giti.vim
519.316  000.080  000.080: sourcing /Users/paddy/.cache/vimfiles/.cache/init.vim/.dein/plugin/gtags.vim
519.565  000.026  000.026: sourcing /Users/paddy/.cache/vimfiles/.cache/init.vim/.dein/plugin/haskellimport.vim
520.436  000.506  000.506: sourcing /Users/paddy/.cache/vimfiles/.cache/init.vim/.dein/plugin/multiple_cursors.vim
521.171  000.344  000.344: sourcing /Users/paddy/.cache/vimfiles/.cache/init.vim/.dein/plugin/neomru.vim
521.575  000.143  000.143: sourcing /Users/paddy/.cache/vimfiles/.cache/init.vim/.dein/plugin/neoyank.vim
522.010  000.155  000.155: sourcing /Users/paddy/.cache/vimfiles/.cache/init.vim/.dein/plugin/ref.vim
522.625  000.349  000.349: sourcing /Users/paddy/.cache/vimfiles/.cache/init.vim/.dein/plugin/rooter.vim
525.012  002.070  002.070: sourcing /Users/paddy/.cache/vimfiles/.cache/init.vim/.dein/plugin/scriptease.vim
525.665  000.354  000.354: sourcing /Users/paddy/.cache/vimfiles/.cache/init.vim/.dein/plugin/signify.vim
526.179  000.199  000.199: sourcing /Users/paddy/.cache/vimfiles/.cache/init.vim/.dein/plugin/startify.vim
527.877  001.393  001.393: sourcing /Users/paddy/.cache/vimfiles/.cache/init.vim/.dein/plugin/surround.vim
529.827  001.588  001.588: sourcing /Users/paddy/.cache/vimfiles/.cache/init.vim/.dein/plugin/tagbar.vim
530.336  000.144  000.144: sourcing /Users/paddy/.cache/vimfiles/.cache/init.vim/.dein/plugin/unite/session.vim
530.776  000.082  000.082: sourcing /Users/paddy/.cache/vimfiles/.cache/init.vim/.dein/plugin/unite_file_vcs.vim
531.842  000.372  000.372: sourcing /usr/local/Cellar/neovim/0.1.7/share/nvim/runtime/plugin/gzip.vim
532.277  000.046  000.046: sourcing /usr/local/Cellar/neovim/0.1.7/share/nvim/runtime/plugin/health.vim
532.942  000.275  000.275: sourcing /usr/local/Cellar/neovim/0.1.7/share/nvim/runtime/plugin/man.vim
534.672  001.369  001.369: sourcing /usr/local/Cellar/neovim/0.1.7/share/nvim/runtime/plugin/matchit.vim
535.303  000.440  000.440: sourcing /usr/local/Cellar/neovim/0.1.7/share/nvim/runtime/plugin/matchparen.vim
536.478  000.997  000.997: sourcing /usr/local/Cellar/neovim/0.1.7/share/nvim/runtime/plugin/netrwPlugin.vim
536.814  000.104  000.104: sourcing /usr/local/Cellar/neovim/0.1.7/share/nvim/runtime/plugin/rplugin.vim
537.033  000.033  000.033: sourcing /usr/local/Cellar/neovim/0.1.7/share/nvim/runtime/plugin/rrhelper.vim
537.414  000.153  000.153: sourcing /usr/local/Cellar/neovim/0.1.7/share/nvim/runtime/plugin/shada.vim
537.649  000.044  000.044: sourcing /usr/local/Cellar/neovim/0.1.7/share/nvim/runtime/plugin/spellfile.vim
538.097  000.217  000.217: sourcing /usr/local/Cellar/neovim/0.1.7/share/nvim/runtime/plugin/tarPlugin.vim
538.621  000.333  000.333: sourcing /usr/local/Cellar/neovim/0.1.7/share/nvim/runtime/plugin/tohtml.vim
538.859  000.045  000.045: sourcing /usr/local/Cellar/neovim/0.1.7/share/nvim/runtime/plugin/tutor.vim
539.354  000.266  000.266: sourcing /usr/local/Cellar/neovim/0.1.7/share/nvim/runtime/plugin/zipPlugin.vim
540.092  000.197  000.197: sourcing /Users/paddy/.cache/vimfiles/.cache/init.vim/.dein/after/plugin/automkdir.vim
541.236  000.782  000.782: sourcing /Users/paddy/.cache/vimfiles/.cache/init.vim/.dein/after/plugin/indentLine.vim
541.251  019.703: loading plugins
541.493  000.242: loading packages
541.506  000.014: inits 3
548.514  007.008: reading ShaDa
552.777  004.263: clearing screen
556.516  000.658  000.658: sourcing /usr/local/Cellar/neovim/0.1.7/share/nvim/runtime/autoload/remote/define.vim
556.921  001.860  001.202: sourcing /Users/paddy/.local/share/nvim/rplugin.vim
558.115  000.723  000.723: sourcing /Users/paddy/.cache/vimfiles/repos/github.com/vim-airline/vim-airline/autoload/airline/extensions.vim
558.794  000.106  000.106: sourcing /Users/paddy/.cache/vimfiles/repos/github.com/vim-airline/vim-airline/autoload/airline/extensions/quickfix.vim
559.451  000.074  000.074: sourcing /Users/paddy/.cache/vimfiles/repos/github.com/vim-airline/vim-airline/autoload/airline/extensions/unite.vim
560.127  000.098  000.098: sourcing /Users/paddy/.cache/vimfiles/repos/github.com/vim-airline/vim-airline/autoload/airline/extensions/netrw.vim
560.844  000.134  000.134: sourcing /Users/paddy/.cache/vimfiles/repos/github.com/vim-airline/vim-airline/autoload/airline/extensions/ctrlp.vim
561.621  000.180  000.180: sourcing /Users/paddy/.cache/vimfiles/repos/github.com/vim-airline/vim-airline/autoload/airline/extensions/hunks.vim
562.351  000.115  000.115: sourcing /Users/paddy/.cache/vimfiles/repos/github.com/vim-airline/vim-airline/autoload/airline/extensions/tagbar.vim
563.885  000.927  000.927: sourcing /Users/paddy/.cache/vimfiles/repos/github.com/vim-airline/vim-airline/autoload/airline/extensions/branch.vim
565.229  000.578  000.578: sourcing /Users/paddy/.cache/vimfiles/repos/github.com/vim-airline/vim-airline/autoload/airline/extensions/whitespace.vim
566.059  000.095  000.095: sourcing /Users/paddy/.cache/vimfiles/repos/github.com/vim-airline/vim-airline/autoload/airline/extensions/neomake.vim
566.993  000.181  000.181: sourcing /Users/paddy/.cache/vimfiles/repos/github.com/vim-airline/vim-airline/autoload/airline/extensions/wordcount.vim
568.245  000.463  000.463: sourcing /Users/paddy/.cache/vimfiles/repos/github.com/vim-airline/vim-airline/autoload/airline/extensions/tabline.vim
568.820  000.091  000.091: sourcing /Users/paddy/.cache/vimfiles/repos/github.com/vim-airline/vim-airline/autoload/airline/extensions/tabline/autoshow.vim
572.065  000.185  000.185: sourcing /Users/paddy/.cache/vimfiles/repos/github.com/vim-airline/vim-airline/autoload/airline/extensions/tabline/tabs.vim
573.481  000.675  000.675: sourcing /Users/paddy/.cache/vimfiles/repos/github.com/vim-airline/vim-airline/autoload/airline/extensions/tabline/buffers.vim
574.482  000.350  000.350: sourcing /Users/paddy/.cache/vimfiles/repos/github.com/vim-airline/vim-airline/autoload/airline/extensions/tabline/ctrlspace.vim
579.820  000.219  000.219: sourcing /Users/paddy/.cache/vimfiles/repos/github.com/vim-airline/vim-airline/autoload/airline/section.vim
581.824  000.803  000.803: sourcing /Users/paddy/.cache/vimfiles/repos/github.com/vim-airline/vim-airline/autoload/airline/highlighter.vim
586.467  000.115  000.115: sourcing /Users/paddy/.cache/vimfiles/repos/github.com/vim-airline/vim-airline/autoload/airline/themes.vim
588.245  002.658  002.544: sourcing /Users/paddy/.cache/vimfiles/.cache/init.vim/.dein/autoload/airline/themes/gruvbox.vim
605.488  000.177  000.177: sourcing /Users/paddy/.cache/vimfiles/repos/github.com/vim-airline/vim-airline/autoload/airline/util.vim
611.513  001.220  001.220: sourcing /Users/paddy/.cache/vimfiles/repos/github.com/vim-airline/vim-airline/autoload/airline/builder.vim
613.565  000.450  000.450: sourcing /Users/paddy/.cache/vimfiles/repos/github.com/vim-airline/vim-airline/autoload/airline/extensions/default.vim
616.892  000.157  000.157: sourcing /Users/paddy/.cache/vimfiles/.cache/init.vim/.dein/autoload/sy.vim
625.576  005.147  005.147: sourcing /Users/paddy/.cache/vimfiles/.cache/init.vim/.dein/autoload/tagbar.vim
639.575  000.253  000.253: sourcing /Users/paddy/.cache/vimfiles/repos/github.com/neomake/neomake/autoload/neomake/statusline.vim
673.040  102.343: opening buffers
683.982  000.700  000.700: sourcing /Users/paddy/.cache/vimfiles/repos/github.com/neomake/neomake/autoload/neomake/utils.vim
686.204  001.555  001.555: sourcing /Users/paddy/.cache/vimfiles/repos/github.com/neomake/neomake/autoload/neomake/signs.vim
686.631  004.527  002.272: sourcing /Users/paddy/.cache/vimfiles/repos/github.com/neomake/neomake/autoload/neomake/highlights.vim
686.930  009.363: BufEnter autocommands
686.939  000.009: editing files in windows
689.800  001.360  001.360: sourcing /Users/paddy/.cache/vimfiles/.cache/init.vim/.dein/autoload/startify.vim
700.850  000.622  000.622: sourcing /Users/paddy/.cache/vimfiles/.cache/init.vim/.dein/syntax/startify.vim
708.418  000.750  000.750: sourcing /Users/paddy/.cache/vimfiles/repos/github.com/Shougo/vimfiler.vim/autoload/vimfiler.vim
710.274  000.806  000.806: sourcing /Users/paddy/.cache/vimfiles/repos/github.com/Shougo/vimfiler.vim/autoload/vimfiler/util.vim
711.814  000.909  000.909: sourcing /Users/paddy/.cache/vimfiles/repos/github.com/Shougo/vimfiler.vim/autoload/vital/vimfiler.vim
713.344  000.586  000.586: sourcing /Users/paddy/.cache/vimfiles/repos/github.com/Shougo/vimfiler.vim/autoload/vital/_vimfiler/Vim/Buffer.vim
713.548  001.062  000.475: sourcing /Users/paddy/.cache/vimfiles/repos/github.com/Shougo/vimfiler.vim/autoload/vital/_vimfiler/Vim/Buffer.vim
715.524  000.838  000.838: sourcing /Users/paddy/.cache/vimfiles/repos/github.com/Shougo/vimfiler.vim/autoload/vital/_vimfiler/Prelude.vim
715.992  001.598  000.761: sourcing /Users/paddy/.cache/vimfiles/repos/github.com/Shougo/vimfiler.vim/autoload/vital/_vimfiler/Prelude.vim
717.804  000.625  000.625: sourcing /Users/paddy/.cache/vimfiles/repos/github.com/Shougo/vimfiler.vim/autoload/vital/_vimfiler/Vim/Guard.vim
718.082  001.147  000.522: sourcing /Users/paddy/.cache/vimfiles/repos/github.com/Shougo/vimfiler.vim/autoload/vital/_vimfiler/Vim/Guard.vim
720.194  000.959  000.959: sourcing /Users/paddy/.cache/vimfiles/repos/github.com/Shougo/vimfiler.vim/autoload/vital/_vimfiler/Data/List.vim
720.657  001.690  000.731: sourcing /Users/paddy/.cache/vimfiles/repos/github.com/Shougo/vimfiler.vim/autoload/vital/_vimfiler/Data/List.vim
722.115  000.146  000.146: sourcing /Users/paddy/.cache/vimfiles/repos/github.com/Shougo/vimfiler.vim/autoload/vital/_vimfiler/Data/Dict.vim
722.238  000.509  000.363: sourcing /Users/paddy/.cache/vimfiles/repos/github.com/Shougo/vimfiler.vim/autoload/vital/_vimfiler/Data/Dict.vim
723.622  016.653  008.182: sourcing /Users/paddy/.cache/vimfiles/repos/github.com/Shougo/vimfiler.vim/autoload/vimfiler/init.vim
725.427  000.504  000.504: sourcing /Users/paddy/.cache/vimfiles/repos/github.com/Shougo/vimfiler.vim/autoload/vimfiler/variables.vim
728.049  000.143  000.143: sourcing /Users/paddy/.cache/vimfiles/repos/github.com/Shougo/vimfiler.vim/autoload/vital/_vimfiler/System/Cache/Deprecated.vim
728.163  000.501  000.358: sourcing /Users/paddy/.cache/vimfiles/repos/github.com/Shougo/vimfiler.vim/autoload/vital/_vimfiler/System/Cache/Deprecated.vim
730.303  001.169  001.169: sourcing /Users/paddy/.cache/vimfiles/repos/github.com/Shougo/vimfiler.vim/autoload/vital/_vimfiler/Data/String.vim
730.874  001.979  000.810: sourcing /Users/paddy/.cache/vimfiles/repos/github.com/Shougo/vimfiler.vim/autoload/vital/_vimfiler/Data/String.vim
733.523  006.503  004.023: sourcing /Users/paddy/.cache/vimfiles/repos/github.com/Shougo/vimfiler.vim/autoload/vimfiler/mappings.vim
735.528  000.703  000.703: sourcing /Users/paddy/.cache/vimfiles/repos/github.com/Shougo/vimfiler.vim/autoload/vimfiler/helper.vim
737.957  001.132  001.132: sourcing /Users/paddy/.cache/vimfiles/repos/github.com/Shougo/unite.vim/autoload/unite/start.vim
740.471  001.306  001.306: sourcing /Users/paddy/.cache/vimfiles/repos/github.com/Shougo/unite.vim/autoload/unite/helper.vim
742.756  001.207  001.207: sourcing /Users/paddy/.cache/vimfiles/repos/github.com/Shougo/unite.vim/autoload/unite/init.vim
744.517  000.680  000.680: sourcing /Users/paddy/.cache/vimfiles/repos/github.com/Shougo/unite.vim/autoload/unite/variables.vim
747.182  000.952  000.952: sourcing /Users/paddy/.cache/vimfiles/repos/github.com/Shougo/unite.vim/autoload/vital/_unite/Data/List.vim
747.643  001.652  000.700: sourcing /Users/paddy/.cache/vimfiles/repos/github.com/Shougo/unite.vim/autoload/vital/_unite/Data/List.vim
751.324  001.286  001.286: sourcing /Users/paddy/.cache/vimfiles/repos/github.com/Shougo/unite.vim/autoload/unite/sources/file.vim
752.673  000.123  000.123: sourcing /Users/paddy/.cache/vimfiles/repos/github.com/Shougo/unite.vim/autoload/unite/sources/file_list.vim
753.756  000.084  000.084: sourcing /Users/paddy/.cache/vimfiles/repos/github.com/Shougo/unite.vim/autoload/unite/sources/file_point.vim
754.923  000.118  000.118: sourcing /Users/paddy/.cache/vimfiles/.cache/init.vim/.dein/autoload/unite/sources/filetype.vim
757.290  000.566  000.566: sourcing /Users/paddy/.cache/vimfiles/repos/github.com/Shougo/unite.vim/autoload/unite/sources/alias.vim
761.877  001.641  001.641: sourcing /Users/paddy/.cache/vimfiles/repos/github.com/Shougo/unite.vim/autoload/unite/view.vim
767.844  000.850  000.850: sourcing /Users/paddy/.cache/vimfiles/repos/github.com/Shougo/vimfiler.vim/autoload/vimfiler/handler.vim
774.325  000.121  000.121: sourcing /Users/paddy/.cache/vimfiles/repos/github.com/Shougo/vimfiler.vim/autoload/vimfiler/filters/matcher_ignore_files.vim
775.804  000.126  000.126: sourcing /Users/paddy/.cache/vimfiles/repos/github.com/Shougo/vimfiler.vim/autoload/vimfiler/filters/matcher_ignore_pattern.vim
777.149  000.095  000.095: sourcing /Users/paddy/.cache/vimfiles/repos/github.com/Shougo/vimfiler.vim/autoload/vimfiler/filters/matcher_ignore_wildignore.vim
784.017  000.858  000.858: sourcing /Users/paddy/.cache/vimfiles/repos/github.com/Shougo/vimfiler.vim/syntax/vimfiler.vim
796.669  000.941  000.941: sourcing /Users/paddy/.cache/vimfiles/repos/github.com/Shougo/vimfiler.vim/autoload/vimfiler/view.vim
798.058  000.149  000.149: sourcing /Users/paddy/.cache/vimfiles/repos/github.com/Shougo/vimfiler.vim/autoload/unite/filters/matcher_vimfiler_mask.vim
803.469  000.919  000.919: sourcing /Users/paddy/.cache/vimfiles/repos/github.com/Shougo/unite.vim/autoload/unite/candidates.vim
805.907  001.222  001.222: sourcing /Users/paddy/.cache/vimfiles/repos/github.com/Shougo/unite.vim/autoload/vital/_unite/Data/String.vim
806.527  002.089  000.868: sourcing /Users/paddy/.cache/vimfiles/repos/github.com/Shougo/unite.vim/autoload/vital/_unite/Data/String.vim
808.937  000.563  000.563: sourcing /Users/paddy/.cache/vimfiles/repos/github.com/Shougo/unite.vim/autoload/vital/_unite/Process.vim
809.155  000.996  000.432: sourcing /Users/paddy/.cache/vimfiles/repos/github.com/Shougo/unite.vim/autoload/vital/_unite/Process.vim
811.556  000.673  000.673: sourcing /Users/paddy/.cache/vimfiles/repos/github.com/Shougo/vimproc.vim/autoload/vimproc/util.vim
817.592  007.208  006.536: sourcing /Users/paddy/.cache/vimfiles/repos/github.com/Shougo/vimproc.vim/autoload/vimproc.vim
821.856  000.707  000.707: sourcing /Users/paddy/.cache/vimfiles/repos/github.com/Shougo/unite.vim/autoload/unite/handlers.vim
838.902  100.764: VimEnter autocommands
838.906  000.004: before starting main loop
841.297  001.924  001.924: sourcing /Users/paddy/.cache/vimfiles/repos/github.com/neomake/neomake/autoload/neomake.vim
843.137  000.085  000.085: sourcing /Users/paddy/.cache/vimfiles/repos/github.com/vim-airline/vim-airline/autoload/airline/extensions/tabline/buflist.vim
875.125  034.210: first screen update
875.130  000.005: --- NVIM STARTED ---
