

times in msec
 clock   self+sourced   self:  sourced script
 clock   elapsed:              other lines

000.010  000.010: --- VIM STARTING ---
000.074  000.064: Allocated generic buffers
001.541  001.467: locale set
001.560  000.019: window checked
002.028  000.468: inits 1
002.036  000.008: parsing arguments
002.037  000.001: expanding arguments
002.054  000.017: shell init
002.400  000.346: Termcap init
002.415  000.015: inits 2
002.511  000.096: init highlight
002.732  000.144  000.144: sourcing $VIM/vimrc
002.789  000.134: sourcing vimrc file(s)
003.183  000.104  000.104: sourcing /usr/share/vim/vim73/plugin/getscriptPlugin.vim
003.370  000.136  000.136: sourcing /usr/share/vim/vim73/plugin/gzip.vim
003.625  000.197  000.197: sourcing /usr/share/vim/vim73/plugin/matchparen.vim
004.476  000.784  000.784: sourcing /usr/share/vim/vim73/plugin/netrwPlugin.vim
004.722  000.029  000.029: sourcing /usr/share/vim/vim73/plugin/rrhelper.vim
004.884  000.077  000.077: sourcing /usr/share/vim/vim73/plugin/spellfile.vim
005.289  000.242  000.242: sourcing /usr/share/vim/vim73/plugin/tarPlugin.vim
005.595  000.082  000.082: sourcing /usr/share/vim/vim73/plugin/tohtml.vim
005.924  000.162  000.162: sourcing /usr/share/vim/vim73/plugin/vimballPlugin.vim
006.106  000.110  000.110: sourcing /usr/share/vim/vim73/plugin/zipPlugin.vim
006.140  001.428: loading plugins
006.145  000.005: inits 3
007.475  001.330: reading viminfo
007.502  000.027: setting raw mode
007.517  000.015: start termcap
007.536  000.019: clearing screen
008.960  001.424: opening buffers
009.024  000.064: BufEnter autocommands
009.026  000.002: editing files in windows
009.100  000.074: VimEnter autocommands
009.101  000.001: before starting main loop
009.850  000.749: first screen update
009.852  000.002: --- VIM STARTED ---
